Determining if the pthread_create exist failed with the following output:
Change Dir: /mnt/d/SemII/APT/e2/CMakeFiles/CMakeTmp

Run Build Command:"/usr/bin/make" "cmTC_e829c/fast"
make[1]: Entering directory '/mnt/d/SemII/APT/e2/CMakeFiles/CMakeTmp'
/usr/bin/make -f CMakeFiles/cmTC_e829c.dir/build.make CMakeFiles/cmTC_e829c.dir/build
make[2]: Entering directory '/mnt/d/SemII/APT/e2/CMakeFiles/CMakeTmp'
Building C object CMakeFiles/cmTC_e829c.dir/CheckSymbolExists.c.o
/usr/bin/cc    -o CMakeFiles/cmTC_e829c.dir/CheckSymbolExists.c.o   -c /mnt/d/SemII/APT/e2/CMakeFiles/CMakeTmp/CheckSymbolExists.c
Linking C executable cmTC_e829c
/usr/local/bin/cmake -E cmake_link_script CMakeFiles/cmTC_e829c.dir/link.txt --verbose=1
/usr/bin/cc      CMakeFiles/cmTC_e829c.dir/CheckSymbolExists.c.o  -o cmTC_e829c 
CMakeFiles/cmTC_e829c.dir/CheckSymbolExists.c.o: In function `main':
CheckSymbolExists.c:(.text+0x16): undefined reference to `pthread_create'
collect2: error: ld returned 1 exit status
CMakeFiles/cmTC_e829c.dir/build.make:86: recipe for target 'cmTC_e829c' failed
make[2]: *** [cmTC_e829c] Error 1
make[2]: Leaving directory '/mnt/d/SemII/APT/e2/CMakeFiles/CMakeTmp'
Makefile:126: recipe for target 'cmTC_e829c/fast' failed
make[1]: *** [cmTC_e829c/fast] Error 2
make[1]: Leaving directory '/mnt/d/SemII/APT/e2/CMakeFiles/CMakeTmp'

File /mnt/d/SemII/APT/e2/CMakeFiles/CMakeTmp/CheckSymbolExists.c:
/* */
#include <pthread.h>

int main(int argc, char** argv)
{
  (void)argv;
#ifndef pthread_create
  return ((int*)(&pthread_create))[argc];
#else
  (void)argc;
  return 0;
#endif
}

Determining if the function pthread_create exists in the pthreads failed with the following output:
Change Dir: /mnt/d/SemII/APT/e2/CMakeFiles/CMakeTmp

Run Build Command:"/usr/bin/make" "cmTC_e39f4/fast"
make[1]: Entering directory '/mnt/d/SemII/APT/e2/CMakeFiles/CMakeTmp'
/usr/bin/make -f CMakeFiles/cmTC_e39f4.dir/build.make CMakeFiles/cmTC_e39f4.dir/build
make[2]: Entering directory '/mnt/d/SemII/APT/e2/CMakeFiles/CMakeTmp'
Building C object CMakeFiles/cmTC_e39f4.dir/CheckFunctionExists.c.o
/usr/bin/cc   -DCHECK_FUNCTION_EXISTS=pthread_create   -o CMakeFiles/cmTC_e39f4.dir/CheckFunctionExists.c.o   -c /usr/local/share/cmake-3.11/Modules/CheckFunctionExists.c
Linking C executable cmTC_e39f4
/usr/local/bin/cmake -E cmake_link_script CMakeFiles/cmTC_e39f4.dir/link.txt --verbose=1
/usr/bin/cc  -DCHECK_FUNCTION_EXISTS=pthread_create    CMakeFiles/cmTC_e39f4.dir/CheckFunctionExists.c.o  -o cmTC_e39f4 -lpthreads 
/usr/bin/ld: cannot find -lpthreads
collect2: error: ld returned 1 exit status
CMakeFiles/cmTC_e39f4.dir/build.make:86: recipe for target 'cmTC_e39f4' failed
make[2]: *** [cmTC_e39f4] Error 1
make[2]: Leaving directory '/mnt/d/SemII/APT/e2/CMakeFiles/CMakeTmp'
Makefile:126: recipe for target 'cmTC_e39f4/fast' failed
make[1]: *** [cmTC_e39f4/fast] Error 2
make[1]: Leaving directory '/mnt/d/SemII/APT/e2/CMakeFiles/CMakeTmp'


